Starting tests
Tests file from: src/resources/tests.xml
___________________ Tests Started ________________________________
___________________ Connection [1/2] _____________________________
Server 1 dev
___________________ Test [1/2] ___________________________________
Test Name: Test_1
Test Description: Description Test 1
Test Order ID Example: OrderIdOriginal
Test Creation File: test1_order.xml
Test Order ID: OrderId_2024_May_02_11_55_09
SOM Name: SOM 1
------------------- Sending messages for SOM 1-------------------
The queue is queuename
Interaction #1
Interaction Name: Interaction 1
Interaction File: test1_som1_interaction1.xml
call function of send message()...
Interaction #2
Interaction Name: Interaction 2
Interaction File: test1_som1_interaction2.xml
call function of send message()...
SOM Name: SOM 2
------------------- Sending messages for SOM 2-------------------
The queue is queuename
Interaction #1
Interaction Name: Interaction 2
Interaction File: test1_som2_interaction1.xml
call function of send message()...
Interaction #2
Interaction Name: Interaction 2
Interaction File: test1_som2_interaction2.xml
call function of send message()...
comparing results
___________________ Test [1/2] Finished __________________________
___________________ Test [2/2] ___________________________________
Test Name: Test_2
Test Description: Description Test 2
Test Order ID Example: OrderIdOriginal
Test Creation File: test2_order.xml
Test Order ID: OrderId_2024_May_02_11_55_09
SOM Name: SOM 2
------------------- Sending messages for SOM 2-------------------
The queue is queuename som 2
Interaction #1
Interaction Name: Interaction 2
Interaction File: test2_som1_interaction1.xml
call function of send message()...
Interaction #2
Interaction Name: Interaction 2
Interaction File: test2_som1_interaction2.xml
call function of send message()...
SOM Name: SOM 2
------------------- Sending messages for SOM 2-------------------
The queue is queuename
Interaction #1
Interaction Name: Interaction 2
Interaction File: test2_som2_interaction1.xml
call function of send message()...
Interaction #2
Interaction Name: Interaction 2
Interaction File: test2_som2_interaction2.xml
call function of send message()...
comparing results
___________________ Test [2/2] Finished __________________________
___________________ Connection [2/2] _____________________________
Server 2 dev
___________________ Test [1/2] ___________________________________
Test Name: Test_1
Test Description: Description Test 1
Test Order ID Example: OrderIdOriginal
Test Creation File: test1_order.xml
Test Order ID: OrderId_2024_May_02_11_55_09
SOM Name: SOM 1
------------------- Sending messages for SOM 1-------------------
The queue is queuename
Interaction #1
Interaction Name: Interaction 1
Interaction File: test1_som1_interaction1.xml
call function of send message()...
Interaction #2
Interaction Name: Interaction 2
Interaction File: test1_som1_interaction2.xml
call function of send message()...
SOM Name: SOM 2
------------------- Sending messages for SOM 2-------------------
The queue is queuename
Interaction #1
Interaction Name: Interaction 2
Interaction File: test1_som2_interaction1.xml
call function of send message()...
Interaction #2
Interaction Name: Interaction 2
Interaction File: test1_som2_interaction2.xml
call function of send message()...
comparing results
___________________ Test [1/2] Finished __________________________
___________________ Test [2/2] ___________________________________
Test Name: Test_2
Test Description: Description Test 2
Test Order ID Example: OrderIdOriginal
Test Creation File: test2_order.xml
Test Order ID: OrderId_2024_May_02_11_55_09
SOM Name: SOM 2
------------------- Sending messages for SOM 2-------------------
The queue is queuename som 2
Interaction #1
Interaction Name: Interaction 2
Interaction File: test2_som1_interaction1.xml
call function of send message()...
Interaction #2
Interaction Name: Interaction 2
Interaction File: test2_som1_interaction2.xml
call function of send message()...
SOM Name: SOM 2
------------------- Sending messages for SOM 2-------------------
The queue is queuename
Interaction #1
Interaction Name: Interaction 2
Interaction File: test2_som2_interaction1.xml
call function of send message()...
Interaction #2
Interaction Name: Interaction 2
Interaction File: test2_som2_interaction2.xml
call function of send message()...
comparing results
___________________ Test [2/2] Finished __________________________
___________________ Tests Finished _______________________________